2015-02-11 12:29:00,835  WARN [Worker-1] - ScalaProject - Project HelloWorld has platform default sourceLevel.
2015-02-11 12:29:00,836  WARN [Worker-1] - ScalaProject - Project HelloWorld runs on platform default installation.
2015-02-11 12:29:29,601  WARN [Worker-1] - ScalaProject - Project HelloWorld has platform default sourceLevel.
2015-02-11 12:29:29,601  WARN [Worker-1] - ScalaProject - Project HelloWorld runs on platform default installation.
2015-02-11 12:30:29,595  WARN [Worker-0] - ScalaProject - Project HelloWorld has platform default sourceLevel.
2015-02-11 12:30:29,595  WARN [Worker-0] - ScalaProject - Project HelloWorld runs on platform default installation.
2015-02-11 12:31:01,649 ERROR [Worker-0] - System.err - SLF4J: Failed to load class "org.slf4j.impl.StaticLoggerBinder".
2015-02-11 12:31:01,649 ERROR [Worker-0] - System.err - SLF4J: Defaulting to no-operation (NOP) logger implementation
2015-02-11 12:31:01,649 ERROR [Worker-0] - System.err - SLF4J: See http://www.slf4j.org/codes.html#StaticLoggerBinder for further details.
2015-02-11 12:31:37,994  WARN [Worker-5] - ScalaProject - Project HelloWorld has platform default sourceLevel.
2015-02-11 12:31:37,994  WARN [Worker-5] - ScalaProject - Project HelloWorld runs on platform default installation.
2015-02-11 12:31:39,670  WARN [Worker-1] - ScalaProject - Project HelloWorld has platform default sourceLevel.
2015-02-11 12:31:39,671  WARN [Worker-1] - ScalaProject - Project HelloWorld runs on platform default installation.
2015-02-11 12:32:42,205  WARN [Worker-5] - ScalaProject - Project HelloWorld has platform default sourceLevel.
2015-02-11 12:32:42,205  WARN [Worker-5] - ScalaProject - Project HelloWorld runs on platform default installation.
2015-02-11 12:32:43,313  WARN [Worker-1] - ScalaProject - Project HelloWorld has platform default sourceLevel.
2015-02-11 12:32:43,314  WARN [Worker-1] - ScalaProject - Project HelloWorld runs on platform default installation.
2015-02-11 17:08:46,076  WARN [Worker-11] - ScalaProject - Project squareRoot has platform default sourceLevel.
2015-02-11 17:08:46,111  WARN [Worker-11] - ScalaProject - Project squareRoot runs on platform default installation.
2015-02-11 17:09:20,752  WARN [Worker-12] - ScalaProject - Project progfun has platform default sourceLevel.
2015-02-11 17:09:20,753  WARN [Worker-12] - ScalaProject - Project progfun runs on platform default installation.
2015-02-11 17:09:29,819  WARN [Worker-10] - ScalaProject - Project progfun has platform default sourceLevel.
2015-02-11 17:09:29,819  WARN [Worker-10] - ScalaProject - Project progfun runs on platform default installation.
2015-02-11 17:09:46,329  WARN [Worker-13] - ScalaProject - Project progfun has platform default sourceLevel.
2015-02-11 17:09:46,329  WARN [Worker-13] - ScalaProject - Project progfun runs on platform default installation.
2015-02-11 17:09:48,416  WARN [Worker-11] - ScalaProject - Project progfun has platform default sourceLevel.
2015-02-11 17:09:48,416  WARN [Worker-11] - ScalaProject - Project progfun runs on platform default installation.
2015-02-11 17:10:06,282 ERROR [Text Viewer Hover Presenter] - IScalaPresentationCompiler$ - Ignoring InterruptException
2015-02-11 17:10:06,283 ERROR [Text Viewer Hover Presenter] - IScalaPresentationCompiler$ - Ignoring InterruptException
2015-02-11 17:10:06,283 ERROR [Text Viewer Hover Presenter] - IScalaPresentationCompiler$ - Ignoring InterruptException
2015-02-11 17:10:07,970  WARN [Worker-12] - ScalaProject - Project progfun has platform default sourceLevel.
2015-02-11 17:10:07,971  WARN [Worker-12] - ScalaProject - Project progfun runs on platform default installation.
2015-02-11 17:10:08,997  WARN [Worker-13] - ScalaProject - Project progfun has platform default sourceLevel.
2015-02-11 17:10:08,997  WARN [Worker-13] - ScalaProject - Project progfun runs on platform default installation.
2015-02-11 17:10:41,912  WARN [Worker-12] - ScalaProject - Project progfun has platform default sourceLevel.
2015-02-11 17:10:41,912  WARN [Worker-12] - ScalaProject - Project progfun runs on platform default installation.
2015-02-11 17:10:42,983  WARN [Worker-12] - ScalaProject - Project progfun has platform default sourceLevel.
2015-02-11 17:10:42,983  WARN [Worker-12] - ScalaProject - Project progfun runs on platform default installation.
2015-02-11 17:12:46,796  WARN [Worker-14] - ScalaProject - Project progfun has platform default sourceLevel.
2015-02-11 17:12:46,797  WARN [Worker-14] - ScalaProject - Project progfun runs on platform default installation.
2015-02-11 17:12:47,842  WARN [Worker-16] - ScalaProject - Project progfun has platform default sourceLevel.
2015-02-11 17:12:47,843  WARN [Worker-16] - ScalaProject - Project progfun runs on platform default installation.
2015-02-11 17:12:54,832  WARN [Worker-16] - ScalaProject - Project progfun has platform default sourceLevel.
2015-02-11 17:12:54,832  WARN [Worker-16] - ScalaProject - Project progfun runs on platform default installation.
2015-02-11 17:12:55,902  WARN [Worker-15] - ScalaProject - Project progfun has platform default sourceLevel.
2015-02-11 17:12:55,902  WARN [Worker-15] - ScalaProject - Project progfun runs on platform default installation.
2015-02-11 17:13:19,688  WARN [Worker-17] - ScalaProject - Project progfun has platform default sourceLevel.
2015-02-11 17:13:19,688  WARN [Worker-17] - ScalaProject - Project progfun runs on platform default installation.
2015-02-11 17:13:20,706  WARN [Worker-10] - ScalaProject - Project progfun has platform default sourceLevel.
2015-02-11 17:13:20,706  WARN [Worker-10] - ScalaProject - Project progfun runs on platform default installation.
2015-02-11 17:13:54,315  WARN [Worker-16] - ScalaProject - Project progfun has platform default sourceLevel.
2015-02-11 17:13:54,315  WARN [Worker-16] - ScalaProject - Project progfun runs on platform default installation.
2015-02-11 17:13:55,367  WARN [Worker-14] - ScalaProject - Project progfun has platform default sourceLevel.
2015-02-11 17:13:55,367  WARN [Worker-14] - ScalaProject - Project progfun runs on platform default installation.
2015-02-11 17:13:58,927  WARN [Worker-17] - ScalaProject - Project progfun has platform default sourceLevel.
2015-02-11 17:13:58,928  WARN [Worker-17] - ScalaProject - Project progfun runs on platform default installation.
2015-02-11 17:13:59,960  WARN [Worker-17] - ScalaProject - Project progfun has platform default sourceLevel.
2015-02-11 17:13:59,961  WARN [Worker-17] - ScalaProject - Project progfun runs on platform default installation.
2015-02-11 17:14:44,107  WARN [Worker-15] - ScalaProject - Project progfun has platform default sourceLevel.
2015-02-11 17:14:44,107  WARN [Worker-15] - ScalaProject - Project progfun runs on platform default installation.
2015-02-11 17:14:45,141  WARN [Worker-16] - ScalaProject - Project progfun has platform default sourceLevel.
2015-02-11 17:14:45,142  WARN [Worker-16] - ScalaProject - Project progfun runs on platform default installation.
2015-02-11 17:15:08,625  WARN [Worker-18] - ScalaProject - Project progfun has platform default sourceLevel.
2015-02-11 17:15:08,626  WARN [Worker-18] - ScalaProject - Project progfun runs on platform default installation.
2015-02-11 17:15:09,706  WARN [Worker-16] - ScalaProject - Project progfun has platform default sourceLevel.
2015-02-11 17:15:09,706  WARN [Worker-16] - ScalaProject - Project progfun runs on platform default installation.
2015-02-11 17:15:13,166  WARN [Worker-16] - ScalaProject - Project progfun has platform default sourceLevel.
2015-02-11 17:15:13,166  WARN [Worker-16] - ScalaProject - Project progfun runs on platform default installation.
2015-02-11 17:15:14,189  WARN [Worker-15] - ScalaProject - Project progfun has platform default sourceLevel.
2015-02-11 17:15:14,189  WARN [Worker-15] - ScalaProject - Project progfun runs on platform default installation.
2015-02-11 17:15:15,210  WARN [Worker-17] - ScalaProject - Project progfun has platform default sourceLevel.
2015-02-11 17:15:15,210  WARN [Worker-17] - ScalaProject - Project progfun runs on platform default installation.
2015-02-11 17:15:16,297  WARN [Worker-19] - ScalaProject - Project progfun has platform default sourceLevel.
2015-02-11 17:15:16,297  WARN [Worker-19] - ScalaProject - Project progfun runs on platform default installation.
2015-02-11 17:15:17,404  WARN [Worker-15] - ScalaProject - Project progfun has platform default sourceLevel.
2015-02-11 17:15:17,404  WARN [Worker-15] - ScalaProject - Project progfun runs on platform default installation.
2015-02-11 17:15:18,425  WARN [Worker-18] - ScalaProject - Project progfun has platform default sourceLevel.
2015-02-11 17:15:18,426  WARN [Worker-18] - ScalaProject - Project progfun runs on platform default installation.
2015-02-11 17:15:19,454  WARN [Worker-14] - ScalaProject - Project progfun has platform default sourceLevel.
2015-02-11 17:15:19,455  WARN [Worker-14] - ScalaProject - Project progfun runs on platform default installation.
2015-02-11 17:16:26,554  WARN [Worker-10] - ScalaProject - Project progfun has platform default sourceLevel.
2015-02-11 17:16:26,554  WARN [Worker-10] - ScalaProject - Project progfun runs on platform default installation.
2015-02-11 17:16:35,500  WARN [Worker-10] - ScalaProject - Project progfun has platform default sourceLevel.
2015-02-11 17:16:35,501  WARN [Worker-10] - ScalaProject - Project progfun runs on platform default installation.
2015-02-11 17:16:36,568  WARN [Worker-15] - ScalaProject - Project progfun has platform default sourceLevel.
2015-02-11 17:16:36,568  WARN [Worker-15] - ScalaProject - Project progfun runs on platform default installation.
2015-02-11 17:17:00,609 ERROR [Text Viewer Hover Presenter] - IScalaPresentationCompiler$ - Ignoring InterruptException
2015-02-11 17:17:00,609 ERROR [Text Viewer Hover Presenter] - IScalaPresentationCompiler$ - Ignoring InterruptException
2015-02-11 17:17:00,609 ERROR [Text Viewer Hover Presenter] - IScalaPresentationCompiler$ - Ignoring InterruptException
2015-02-11 17:17:01,365  WARN [Worker-14] - ScalaProject - Project progfun has platform default sourceLevel.
2015-02-11 17:17:01,365  WARN [Worker-14] - ScalaProject - Project progfun runs on platform default installation.
2015-02-11 17:17:02,382  WARN [Worker-15] - ScalaProject - Project progfun has platform default sourceLevel.
2015-02-11 17:17:02,382  WARN [Worker-15] - ScalaProject - Project progfun runs on platform default installation.
2015-02-11 17:17:08,087  WARN [Worker-16] - ScalaProject - Project progfun has platform default sourceLevel.
2015-02-11 17:17:08,087  WARN [Worker-16] - ScalaProject - Project progfun runs on platform default installation.
2015-02-11 17:17:09,154  WARN [Worker-16] - ScalaProject - Project progfun has platform default sourceLevel.
2015-02-11 17:17:09,154  WARN [Worker-16] - ScalaProject - Project progfun runs on platform default installation.
2015-02-11 17:17:11,478  WARN [Worker-10] - ScalaProject - Project progfun has platform default sourceLevel.
2015-02-11 17:17:11,478  WARN [Worker-10] - ScalaProject - Project progfun runs on platform default installation.
2015-02-11 17:17:12,544  WARN [Worker-10] - ScalaProject - Project progfun has platform default sourceLevel.
2015-02-11 17:17:12,544  WARN [Worker-10] - ScalaProject - Project progfun runs on platform default installation.
2015-02-11 17:17:17,868  WARN [Worker-15] - ScalaProject - Project progfun has platform default sourceLevel.
2015-02-11 17:17:17,868  WARN [Worker-15] - ScalaProject - Project progfun runs on platform default installation.
2015-02-11 17:17:27,880 ERROR [Worker-16] - ProgramExecutor$ - Worksheet process has terminated unexpectedly (exit value 143
At the time of termination, the following text was available in the output streams:
Standard output:
  76 abs: (x: Double)Double
206 sqrtIter: (guess: Double, x: Double)Double
293 isGoodEnough: (guess: Double, x: Double)Boolean
364 improve: (guess: Double, x: Double)Double
406 sqrt: (x: Double)Double

Standard error:
  

2015-02-11 17:17:28,004  WARN [Worker-14] - ScalaProject - Project progfun has platform default sourceLevel.
2015-02-11 17:17:28,004  WARN [Worker-14] - ScalaProject - Project progfun runs on platform default installation.
2015-02-11 17:18:59,363  WARN [Worker-18] - ScalaProject - Project progfun has platform default sourceLevel.
2015-02-11 17:18:59,363  WARN [Worker-18] - ScalaProject - Project progfun runs on platform default installation.
2015-02-11 17:19:00,433  WARN [Worker-10] - ScalaProject - Project progfun has platform default sourceLevel.
2015-02-11 17:19:00,433  WARN [Worker-10] - ScalaProject - Project progfun runs on platform default installation.
2015-02-11 17:24:15,867 ERROR [Text Viewer Hover Presenter] - IScalaPresentationCompiler$ - Ignoring InterruptException
2015-02-11 17:24:28,046  WARN [Worker-10] - ScalaProject - Project progfun has platform default sourceLevel.
2015-02-11 17:24:28,046  WARN [Worker-10] - ScalaProject - Project progfun runs on platform default installation.
2015-02-11 17:24:29,117  WARN [Worker-18] - ScalaProject - Project progfun has platform default sourceLevel.
2015-02-11 17:24:29,118  WARN [Worker-18] - ScalaProject - Project progfun runs on platform default installation.
2015-02-11 17:28:49,011 ERROR [Text Viewer Hover Presenter] - IScalaPresentationCompiler$ - Ignoring InterruptException
2015-02-11 17:28:49,012 ERROR [Text Viewer Hover Presenter] - IScalaPresentationCompiler$ - Ignoring InterruptException
2015-02-11 17:28:49,012 ERROR [Text Viewer Hover Presenter] - IScalaPresentationCompiler$ - Ignoring InterruptException
2015-02-11 17:30:36,476  WARN [Worker-24] - ScalaProject - Project progfun has platform default sourceLevel.
2015-02-11 17:30:36,476  WARN [Worker-24] - ScalaProject - Project progfun runs on platform default installation.
2015-02-11 17:30:37,510  WARN [Worker-22] - ScalaProject - Project progfun has platform default sourceLevel.
2015-02-11 17:30:37,510  WARN [Worker-22] - ScalaProject - Project progfun runs on platform default installation.
2015-02-11 17:43:31,769  WARN [Worker-25] - ScalaProject - Project progfun has platform default sourceLevel.
2015-02-11 17:43:31,770  WARN [Worker-25] - ScalaProject - Project progfun runs on platform default installation.
2015-02-11 17:43:49,914  WARN [Worker-29] - ScalaProject - Project progfun has platform default sourceLevel.
2015-02-11 17:43:49,915  WARN [Worker-29] - ScalaProject - Project progfun runs on platform default installation.
2015-02-11 17:43:50,965  WARN [Worker-25] - ScalaProject - Project progfun has platform default sourceLevel.
2015-02-11 17:43:50,966  WARN [Worker-25] - ScalaProject - Project progfun runs on platform default installation.
2015-02-11 17:44:16,059  WARN [Worker-29] - ScalaProject - Project progfun has platform default sourceLevel.
2015-02-11 17:44:16,060  WARN [Worker-29] - ScalaProject - Project progfun runs on platform default installation.
2015-02-11 17:44:21,694  WARN [Worker-29] - ScalaProject - Project progfun has platform default sourceLevel.
2015-02-11 17:44:21,694  WARN [Worker-29] - ScalaProject - Project progfun runs on platform default installation.
2015-02-11 17:44:22,762  WARN [Worker-27] - ScalaProject - Project progfun has platform default sourceLevel.
2015-02-11 17:44:22,762  WARN [Worker-27] - ScalaProject - Project progfun runs on platform default installation.
2015-02-11 17:46:38,126  WARN [Worker-25] - ScalaProject - Project progfun has platform default sourceLevel.
2015-02-11 17:46:38,126  WARN [Worker-25] - ScalaProject - Project progfun runs on platform default installation.
2015-02-11 17:46:39,222  WARN [Worker-25] - ScalaProject - Project progfun has platform default sourceLevel.
2015-02-11 17:46:39,222  WARN [Worker-25] - ScalaProject - Project progfun runs on platform default installation.
2015-02-11 17:46:51,336  WARN [Worker-33] - ScalaProject - Project progfun has platform default sourceLevel.
2015-02-11 17:46:51,336  WARN [Worker-33] - ScalaProject - Project progfun runs on platform default installation.
2015-02-11 17:47:22,061  WARN [Worker-31] - ScalaProject - Project progfun has platform default sourceLevel.
2015-02-11 17:47:22,061  WARN [Worker-31] - ScalaProject - Project progfun runs on platform default installation.
2015-02-11 17:47:23,127  WARN [Worker-31] - ScalaProject - Project progfun has platform default sourceLevel.
2015-02-11 17:47:23,127  WARN [Worker-31] - ScalaProject - Project progfun runs on platform default installation.
2015-02-11 17:47:34,052  WARN [Worker-33] - ScalaProject - Project progfun has platform default sourceLevel.
2015-02-11 17:47:34,052  WARN [Worker-33] - ScalaProject - Project progfun runs on platform default installation.
2015-02-11 17:47:35,070  WARN [Worker-32] - ScalaProject - Project progfun has platform default sourceLevel.
2015-02-11 17:47:35,071  WARN [Worker-32] - ScalaProject - Project progfun runs on platform default installation.
2015-02-12 12:29:42,399  WARN [main] - ScalaProject - Project progfun has platform default sourceLevel.
2015-02-12 12:29:42,399  WARN [org.eclipse.jface.text.reconciler.MonoReconciler] - ScalaProject - Project progfun has platform default sourceLevel.
2015-02-12 12:29:42,400  WARN [main] - ScalaProject - Project progfun runs on platform default installation.
2015-02-12 12:29:42,400  WARN [org.eclipse.jface.text.reconciler.MonoReconciler] - ScalaProject - Project progfun runs on platform default installation.
2015-02-12 12:29:42,512  WARN [main] - ScalaProject - Project HelloWorld has platform default sourceLevel.
2015-02-12 12:29:42,512  WARN [main] - ScalaProject - Project HelloWorld runs on platform default installation.
2015-02-12 12:29:42,986  WARN [Worker-0] - ScalaProject - Project progfun has platform default sourceLevel.
2015-02-12 12:29:42,986  WARN [Worker-0] - ScalaProject - Project progfun runs on platform default installation.
2015-02-12 12:30:25,722  WARN [org.eclipse.jface.text.reconciler.MonoReconciler] - ScalaProject - Project progfun has platform default sourceLevel.
2015-02-12 12:30:25,723  WARN [org.eclipse.jface.text.reconciler.MonoReconciler] - ScalaProject - Project progfun runs on platform default installation.
2015-02-12 12:30:26,190  WARN [Worker-3] - ScalaProject - Project HelloWorld has platform default sourceLevel.
2015-02-12 12:30:26,192  WARN [Worker-3] - ScalaProject - Project HelloWorld runs on platform default installation.
2015-02-12 12:31:13,734  WARN [Worker-0] - ScalaProject - Project progfun has platform default sourceLevel.
2015-02-12 12:31:13,734  WARN [Worker-0] - ScalaProject - Project progfun runs on platform default installation.
2015-02-12 12:32:15,981  WARN [ModalContext] - ScalaProject - Project recfun has platform default sourceLevel.
2015-02-12 12:32:15,982  WARN [ModalContext] - ScalaProject - Project recfun runs on platform default installation.
2015-02-12 12:39:41,342  WARN [org.eclipse.jface.text.reconciler.MonoReconciler] - ScalaProject - Project progfun has platform default sourceLevel.
2015-02-12 12:39:41,343  WARN [org.eclipse.jface.text.reconciler.MonoReconciler] - ScalaProject - Project progfun runs on platform default installation.
2015-02-12 12:39:41,345  WARN [main] - ScalaProject - Project progfun has platform default sourceLevel.
2015-02-12 12:39:41,346  WARN [main] - ScalaProject - Project progfun runs on platform default installation.
2015-02-12 12:39:41,428  WARN [main] - ScalaProject - Project HelloWorld has platform default sourceLevel.
2015-02-12 12:39:41,428  WARN [main] - ScalaProject - Project HelloWorld runs on platform default installation.
2015-02-12 12:39:41,975  WARN [Worker-3] - ScalaProject - Project progfun has platform default sourceLevel.
2015-02-12 12:39:41,975  WARN [Worker-3] - ScalaProject - Project progfun runs on platform default installation.
2015-02-12 12:40:06,020  WARN [ModalContext] - ScalaProject - Project progfun-example has platform default sourceLevel.
2015-02-12 12:40:06,020  WARN [ModalContext] - ScalaProject - Project progfun-example runs on platform default installation.
2015-02-12 12:43:24,619 ERROR [Worker-5] - System.err - SLF4J: Failed to load class "org.slf4j.impl.StaticLoggerBinder".
2015-02-12 12:43:24,619 ERROR [Worker-5] - System.err - SLF4J: Defaulting to no-operation (NOP) logger implementation
2015-02-12 12:43:24,619 ERROR [Worker-5] - System.err - SLF4J: See http://www.slf4j.org/codes.html#StaticLoggerBinder for further details.
2015-02-12 13:35:08,292  WARN [main] - org.scala-ide.sdt.core - org.scala-ide.sdt.core - org.scala-ide.sdt.core - 0 - Preference scala.compiler.sourceLevel was uninitialized for progfun-example, setting default to 2.11.
2015-02-12 13:56:28,730 ERROR [Text Viewer Hover Presenter] - IScalaPresentationCompiler$ - Ignoring InterruptException
2015-02-12 13:56:28,730 ERROR [Text Viewer Hover Presenter] - IScalaPresentationCompiler$ - Ignoring InterruptException
2015-02-12 13:56:28,730 ERROR [Text Viewer Hover Presenter] - IScalaPresentationCompiler$ - Ignoring InterruptException
